<?xml version="1.0" encoding="utf-8"?><testsuites name="pytest tests"><testsuite name="pytest" errors="0" failures="0" skipped="0" tests="16" time="40.655" timestamp="2026-08-23T15:40:19.440818+00:00" hostname="agent-env-45a1872e-fd27-4b39-8985-fa5d8ca40a95"><testcase classname="tests.test_lopi_v2_features.TestFriendships" name="test_full_flow" time="2.868" /><testcase classname="tests.test_lopi_v2_features.TestSuperAdmin" name="test_super_admin_login_and_role" time="0.434" /><testcase classname="tests.test_lopi_v2_features.TestSuperAdmin" name="test_idempotent_promotion" time="0.717" /><testcase classname="tests.test_lopi_v2_features.TestSuperAdmin" name="test_admin_endpoints_reject_non_admin" time="1.372" /><testcase classname="tests.test_lopi_v2_features.TestSuperAdmin" name="test_stats_shape_and_values" time="0.294" /><testcase classname="tests.test_lopi_v2_features.TestSuperAdmin" name="test_users_search_and_status" time="2.210" /><testcase classname="tests.test_lopi_v2_features.TestFriendships" name="test_reject_flow" time="1.104" /><testcase classname="tests.test_lopi_v2_features.TestFriendships" name="test_search_relation_states" time="1.307" /><testcase classname="tests.test_lopi_v2_features.TestSuperAdmin" name="test_parches_admin_hide_delete_and_cascade" time="2.149" /><testcase classname="tests.test_lopi_v2_features.TestComments" name="test_create_list_delete_and_notify_creator" time="1.565" /><testcase classname="tests.test_lopi_v2_features.TestComments" name="test_self_comment_does_not_notify" time="0.528" /><testcase classname="tests.test_lopi_v2_features.TestSuperAdmin" name="test_reports_flow" time="1.170" /><testcase classname="tests.test_lopi_v2_features.TestFriendsOnlyVisibility" name="test_visibility_rules" time="31.923" /><testcase classname="tests.test_lopi_v2_features.TestChat" name="test_participant_send_read_and_notify" time="31.239" /><testcase classname="tests.test_lopi_v2_features.TestShareURL" name="test_share_url_format" time="0.251" /><testcase classname="tests.test_lopi_v2_features.TestNotifications" name="test_sort_and_read_all" time="0.718" /></testsuite></testsuites>