<?xml version="1.0" encoding="utf-8"?><testsuites name="pytest tests"><testsuite name="pytest" errors="0" failures="0" skipped="0" tests="19" time="5.888" timestamp="2026-08-23T15:10:25.976514+00:00" hostname="agent-env-45a1872e-fd27-4b39-8985-fa5d8ca40a95"><testcase classname="tests.test_lopi_backend.TestParches" name="test_feed_requires_auth" time="0.180" /><testcase classname="tests.test_lopi_backend.TestAuth" name="test_login_with_username" time="0.275" /><testcase classname="tests.test_lopi_backend.TestAuth" name="test_login_with_email" time="0.170" /><testcase classname="tests.test_lopi_backend.TestParches" name="test_feed_returns_seed" time="0.338" /><testcase classname="tests.test_lopi_backend.TestAuth" name="test_login_wrong_password" time="0.194" /><testcase classname="tests.test_lopi_backend.TestParches" name="test_feed_filters" time="0.312" /><testcase classname="tests.test_lopi_backend.TestAuth" name="test_me_requires_auth" time="0.124" /><testcase classname="tests.test_lopi_backend.TestAuth" name="test_me_with_token" time="0.373" /><testcase classname="tests.test_lopi_backend.TestParches" name="test_create_join_leave_like_save_flow" time="1.017" /><testcase classname="tests.test_lopi_backend.TestAuth" name="test_register_and_duplicate" time="0.295" /><testcase classname="tests.test_lopi_backend.TestAuth" name="test_interests_flow" time="0.474" /><testcase classname="tests.test_lopi_backend.TestParches" name="test_join_capacity_full" time="0.273" /><testcase classname="tests.test_lopi_backend.TestAuth" name="test_profile_patch" time="0.294" /><testcase classname="tests.test_lopi_backend.TestParches" name="test_invalid_category" time="0.109" /><testcase classname="tests.test_lopi_backend.TestHealthAndReference" name="test_health_root" time="0.107" /><testcase classname="tests.test_lopi_backend.TestHealthAndReference" name="test_categories" time="0.120" /><testcase classname="tests.test_lopi_backend.TestUsersAndSeed" name="test_user_detail" time="0.277" /><testcase classname="tests.test_lopi_backend.TestHealthAndReference" name="test_cities" time="0.114" /><testcase classname="tests.test_lopi_backend.TestUsersAndSeed" name="test_seed_users_and_parches" time="3.047" /></testsuite></testsuites>